INFO  Validating config
INFO  Start processing
INFO  Hexo is running at http://localhost:80 . Press Ctrl+C to stop.
(node:974) Warning: Accessing non-existent property 'lineno' of module exports inside circular dependency
(Use `node --trace-warnings ...` to show where the warning was created)
(node:974) Warning: Accessing non-existent property 'column' of module exports inside circular dependency
(node:974) Warning: Accessing non-existent property 'filename' of module exports inside circular dependency
(node:974) Warning: Accessing non-existent property 'lineno' of module exports inside circular dependency
(node:974) Warning: Accessing non-existent property 'column' of module exports inside circular dependency
(node:974) Warning: Accessing non-existent property 'filename' of module exports inside circular dependency
Deprecated as of 10.7.0. highlight(lang, code, ...args) has been deprecated.
Deprecated as of 10.7.0. Please use highlight(code, options) instead.
https://github.com/highlightjs/highlight.js/issues/2277
ERROR {
  err: YAMLException: can not read a block mapping entry; a multiline key may not be an implicit key at line 14, column 5:
      date: 2019-06-29 09:47:31
          ^
      at generateError (/blog/anger6-blog/node_modules/hexo-front-matter/node_modules/js-yaml/lib/js-yaml/loader.js:167:10)
      at throwError (/blog/anger6-blog/node_modules/hexo-front-matter/node_modules/js-yaml/lib/js-yaml/loader.js:173:9)
      at readBlockMapping (/blog/anger6-blog/node_modules/hexo-front-matter/node_modules/js-yaml/lib/js-yaml/loader.js:1073:9)
      at composeNode (/blog/anger6-blog/node_modules/hexo-front-matter/node_modules/js-yaml/lib/js-yaml/loader.js:1359:12)
      at readDocument (/blog/anger6-blog/node_modules/hexo-front-matter/node_modules/js-yaml/lib/js-yaml/loader.js:1525:3)
      at loadDocuments (/blog/anger6-blog/node_modules/hexo-front-matter/node_modules/js-yaml/lib/js-yaml/loader.js:1588:5)
      at Object.load (/blog/anger6-blog/node_modules/hexo-front-matter/node_modules/js-yaml/lib/js-yaml/loader.js:1614:19)
      at parseYAML (/blog/anger6-blog/node_modules/hexo-front-matter/lib/front_matter.js:69:23)
      at parse (/blog/anger6-blog/node_modules/hexo-front-matter/lib/front_matter.js:50:12)
      at /blog/anger6-blog/node_modules/hexo/lib/plugins/processor/post.js:51:20
      at tryCatcher (/blog/anger6-blog/node_modules/bluebird/js/release/util.js:16:23)
      at Promise._settlePromiseFromHandler (/blog/anger6-blog/node_modules/bluebird/js/release/promise.js:544:35)
      at Promise._settlePromise (/blog/anger6-blog/node_modules/bluebird/js/release/promise.js:604:18)
      at Promise._settlePromise0 (/blog/anger6-blog/node_modules/bluebird/js/release/promise.js:649:10)
      at Promise._settlePromises (/blog/anger6-blog/node_modules/bluebird/js/release/promise.js:729:18)
      at Promise._fulfill (/blog/anger6-blog/node_modules/bluebird/js/release/promise.js:673:18)
      at PromiseArray._resolve (/blog/anger6-blog/node_modules/bluebird/js/release/promise_array.js:127:19)
      at PromiseArray._promiseFulfilled (/blog/anger6-blog/node_modules/bluebird/js/release/promise_array.js:145:14)
      at PromiseArray._iterate (/blog/anger6-blog/node_modules/bluebird/js/release/promise_array.js:115:31)
      at PromiseArray.init [as _init] (/blog/anger6-blog/node_modules/bluebird/js/release/promise_array.js:79:10)
      at Promise._settlePromise (/blog/anger6-blog/node_modules/bluebird/js/release/promise.js:601:21)
      at Promise._settlePromise0 (/blog/anger6-blog/node_modules/bluebird/js/release/promise.js:649:10) {
    reason: 'can not read a block mapping entry; a multiline key may not be an implicit key',
    mark: Mark {
      name: null,
      buffer: 'title: 2.Add Two Numbers\n' +
        'tags: []\n' +
        "id: '755'\n" +
        'categories:\n' +
        '<<<<<<< HEAD:source/_posts/datastruct_algorithm/lists/2-add-two-numbers.md\n' +
        '  --- 自我修养\n' +
        '   -- 数据结构与算法\n' +
        '    - 链表\n' +
        '=======\n' +
        '  - - - 自我修养\n' +
        '   - - 数据结构与算法\n' +
        '     - 链表\n' +
        '>>>>>>> adaa532b78af6c0ce9ef28cf896a6de9722d5774:source/_posts/datastruct_algorithm/lists/2-add-two-numbers.md\n' +
        'date: 2019-06-29 09:47:31\n' +
        '\x00',
      position: 326,
      line: 13,
      column: 4
    }
  }
} Process failed: %s _posts/datastruct_algorithm/lists/2-add-two-numbers.md
ERROR {
  err: YAMLException: can not read a block mapping entry; a multiline key may not be an implicit key at line 14, column 5:
      date: 2019-06-29 04:36:53
          ^
      at generateError (/blog/anger6-blog/node_modules/hexo-front-matter/node_modules/js-yaml/lib/js-yaml/loader.js:167:10)
      at throwError (/blog/anger6-blog/node_modules/hexo-front-matter/node_modules/js-yaml/lib/js-yaml/loader.js:173:9)
      at readBlockMapping (/blog/anger6-blog/node_modules/hexo-front-matter/node_modules/js-yaml/lib/js-yaml/loader.js:1073:9)
      at composeNode (/blog/anger6-blog/node_modules/hexo-front-matter/node_modules/js-yaml/lib/js-yaml/loader.js:1359:12)
      at readDocument (/blog/anger6-blog/node_modules/hexo-front-matter/node_modules/js-yaml/lib/js-yaml/loader.js:1525:3)
      at loadDocuments (/blog/anger6-blog/node_modules/hexo-front-matter/node_modules/js-yaml/lib/js-yaml/loader.js:1588:5)
      at Object.load (/blog/anger6-blog/node_modules/hexo-front-matter/node_modules/js-yaml/lib/js-yaml/loader.js:1614:19)
      at parseYAML (/blog/anger6-blog/node_modules/hexo-front-matter/lib/front_matter.js:69:23)
      at parse (/blog/anger6-blog/node_modules/hexo-front-matter/lib/front_matter.js:50:12)
      at /blog/anger6-blog/node_modules/hexo/lib/plugins/processor/post.js:51:20
      at tryCatcher (/blog/anger6-blog/node_modules/bluebird/js/release/util.js:16:23)
      at Promise._settlePromiseFromHandler (/blog/anger6-blog/node_modules/bluebird/js/release/promise.js:544:35)
      at Promise._settlePromise (/blog/anger6-blog/node_modules/bluebird/js/release/promise.js:604:18)
      at Promise._settlePromise0 (/blog/anger6-blog/node_modules/bluebird/js/release/promise.js:649:10)
      at Promise._settlePromises (/blog/anger6-blog/node_modules/bluebird/js/release/promise.js:729:18)
      at Promise._fulfill (/blog/anger6-blog/node_modules/bluebird/js/release/promise.js:673:18)
      at PromiseArray._resolve (/blog/anger6-blog/node_modules/bluebird/js/release/promise_array.js:127:19)
      at PromiseArray._promiseFulfilled (/blog/anger6-blog/node_modules/bluebird/js/release/promise_array.js:145:14)
      at PromiseArray._iterate (/blog/anger6-blog/node_modules/bluebird/js/release/promise_array.js:115:31)
      at PromiseArray.init [as _init] (/blog/anger6-blog/node_modules/bluebird/js/release/promise_array.js:79:10)
      at Promise._settlePromise (/blog/anger6-blog/node_modules/bluebird/js/release/promise.js:601:21)
      at Promise._settlePromise0 (/blog/anger6-blog/node_modules/bluebird/js/release/promise.js:649:10) {
    reason: 'can not read a block mapping entry; a multiline key may not be an implicit key',
    mark: Mark {
      name: null,
      buffer: 'title: 1.Two sum\n' +
        'tags: []\n' +
        "id: '753'\n" +
        'categories:\n' +
        '<<<<<<< HEAD:source/_posts/datastruct_algorithm/hash/1-two-sum.md\n' +
        '  --- 自我修养\n' +
        '   -- 数据结构与算法\n' +
        '    - 哈希表\n' +
        '=======\n' +
        '  - - - 自我修养\n' +
        '   - - 数据结构与算法\n' +
        '     - 哈希表\n' +
        '>>>>>>> adaa532b78af6c0ce9ef28cf896a6de9722d5774:source/_posts/datastruct_algorithm/hash/1-two-sum.md\n' +
        'date: 2019-06-29 04:36:53\n' +
        '\x00',
      position: 302,
      line: 13,
      column: 4
    }
  }
} Process failed: %s _posts/datastruct_algorithm/hash/1-two-sum.md
ERROR {
  err: YAMLException: bad indentation of a sequence entry at line 6, column 4:
         - - 数据结构与算法
         ^
      at generateError (/blog/anger6-blog/node_modules/hexo-front-matter/node_modules/js-yaml/lib/js-yaml/loader.js:167:10)
      at throwError (/blog/anger6-blog/node_modules/hexo-front-matter/node_modules/js-yaml/lib/js-yaml/loader.js:173:9)
      at readBlockSequence (/blog/anger6-blog/node_modules/hexo-front-matter/node_modules/js-yaml/lib/js-yaml/loader.js:962:7)
      at composeNode (/blog/anger6-blog/node_modules/hexo-front-matter/node_modules/js-yaml/lib/js-yaml/loader.js:1358:12)
      at readBlockMapping (/blog/anger6-blog/node_modules/hexo-front-matter/node_modules/js-yaml/lib/js-yaml/loader.js:1089:11)
      at composeNode (/blog/anger6-blog/node_modules/hexo-front-matter/node_modules/js-yaml/lib/js-yaml/loader.js:1359:12)
      at readDocument (/blog/anger6-blog/node_modules/hexo-front-matter/node_modules/js-yaml/lib/js-yaml/loader.js:1525:3)
      at loadDocuments (/blog/anger6-blog/node_modules/hexo-front-matter/node_modules/js-yaml/lib/js-yaml/loader.js:1588:5)
      at Object.load (/blog/anger6-blog/node_modules/hexo-front-matter/node_modules/js-yaml/lib/js-yaml/loader.js:1614:19)
      at parseYAML (/blog/anger6-blog/node_modules/hexo-front-matter/lib/front_matter.js:69:23)
      at parse (/blog/anger6-blog/node_modules/hexo-front-matter/lib/front_matter.js:50:12)
      at /blog/anger6-blog/node_modules/hexo/lib/plugins/processor/post.js:51:20
      at tryCatcher (/blog/anger6-blog/node_modules/bluebird/js/release/util.js:16:23)
      at Promise._settlePromiseFromHandler (/blog/anger6-blog/node_modules/bluebird/js/release/promise.js:544:35)
      at Promise._settlePromise (/blog/anger6-blog/node_modules/bluebird/js/release/promise.js:604:18)
      at Promise._settlePromise0 (/blog/anger6-blog/node_modules/bluebird/js/release/promise.js:649:10)
      at Promise._settlePromises (/blog/anger6-blog/node_modules/bluebird/js/release/promise.js:729:18)
      at Promise._fulfill (/blog/anger6-blog/node_modules/bluebird/js/release/promise.js:673:18)
      at PromiseArray._resolve (/blog/anger6-blog/node_modules/bluebird/js/release/promise_array.js:127:19)
      at PromiseArray._promiseFulfilled (/blog/anger6-blog/node_modules/bluebird/js/release/promise_array.js:145:14)
      at PromiseArray._iterate (/blog/anger6-blog/node_modules/bluebird/js/release/promise_array.js:115:31)
      at PromiseArray.init [as _init] (/blog/anger6-blog/node_modules/bluebird/js/release/promise_array.js:79:10) {
    reason: 'bad indentation of a sequence entry',
    mark: Mark {
      name: null,
      buffer: 'title: 1.Two sum\n' +
        'tags: []\n' +
        "id: '753'\n" +
        'categories:\n' +
        '  - - - 自我修养\n' +
        '   - - 数据结构与算法\n' +
        '     - 哈希表\n' +
        'date: 2019-06-29 04:36:53\n' +
        '\x00',
      position: 64,
      line: 5,
      column: 3
    }
  }
} Process failed: %s _posts/datastruct_algorithm/hash/1-two-sum.md
ERROR {
  err: YAMLException: bad indentation of a sequence entry at line 6, column 4:
         - - 数据结构与算法
         ^
      at generateError (/blog/anger6-blog/node_modules/hexo-front-matter/node_modules/js-yaml/lib/js-yaml/loader.js:167:10)
      at throwError (/blog/anger6-blog/node_modules/hexo-front-matter/node_modules/js-yaml/lib/js-yaml/loader.js:173:9)
      at readBlockSequence (/blog/anger6-blog/node_modules/hexo-front-matter/node_modules/js-yaml/lib/js-yaml/loader.js:962:7)
      at composeNode (/blog/anger6-blog/node_modules/hexo-front-matter/node_modules/js-yaml/lib/js-yaml/loader.js:1358:12)
      at readBlockMapping (/blog/anger6-blog/node_modules/hexo-front-matter/node_modules/js-yaml/lib/js-yaml/loader.js:1089:11)
      at composeNode (/blog/anger6-blog/node_modules/hexo-front-matter/node_modules/js-yaml/lib/js-yaml/loader.js:1359:12)
      at readDocument (/blog/anger6-blog/node_modules/hexo-front-matter/node_modules/js-yaml/lib/js-yaml/loader.js:1525:3)
      at loadDocuments (/blog/anger6-blog/node_modules/hexo-front-matter/node_modules/js-yaml/lib/js-yaml/loader.js:1588:5)
      at Object.load (/blog/anger6-blog/node_modules/hexo-front-matter/node_modules/js-yaml/lib/js-yaml/loader.js:1614:19)
      at parseYAML (/blog/anger6-blog/node_modules/hexo-front-matter/lib/front_matter.js:69:23)
      at parse (/blog/anger6-blog/node_modules/hexo-front-matter/lib/front_matter.js:50:12)
      at /blog/anger6-blog/node_modules/hexo/lib/plugins/processor/post.js:51:20
      at tryCatcher (/blog/anger6-blog/node_modules/bluebird/js/release/util.js:16:23)
      at Promise._settlePromiseFromHandler (/blog/anger6-blog/node_modules/bluebird/js/release/promise.js:544:35)
      at Promise._settlePromise (/blog/anger6-blog/node_modules/bluebird/js/release/promise.js:604:18)
      at Promise._settlePromise0 (/blog/anger6-blog/node_modules/bluebird/js/release/promise.js:649:10)
      at Promise._settlePromises (/blog/anger6-blog/node_modules/bluebird/js/release/promise.js:729:18)
      at Promise._fulfill (/blog/anger6-blog/node_modules/bluebird/js/release/promise.js:673:18)
      at PromiseArray._resolve (/blog/anger6-blog/node_modules/bluebird/js/release/promise_array.js:127:19)
      at PromiseArray._promiseFulfilled (/blog/anger6-blog/node_modules/bluebird/js/release/promise_array.js:145:14)
      at PromiseArray._iterate (/blog/anger6-blog/node_modules/bluebird/js/release/promise_array.js:115:31)
      at PromiseArray.init [as _init] (/blog/anger6-blog/node_modules/bluebird/js/release/promise_array.js:79:10) {
    reason: 'bad indentation of a sequence entry',
    mark: Mark {
      name: null,
      buffer: 'title: 2.Add Two Numbers\n' +
        'tags: []\n' +
        "id: '755'\n" +
        'categories:\n' +
        '  - - - 自我修养\n' +
        '   - - 数据结构与算法\n' +
        '     - 链表\n' +
        'date: 2019-06-29 09:47:31\n' +
        '\x00',
      position: 72,
      line: 5,
      column: 3
    }
  }
} Process failed: %s _posts/datastruct_algorithm/lists/2-add-two-numbers.md
ERROR {
  err: YAMLException: can not read a block mapping entry; a multiline key may not be an implicit key at line 10, column 5:
      date: 2020-05-17 03:11:40
          ^
      at generateError (/blog/anger6-blog/node_modules/hexo-front-matter/node_modules/js-yaml/lib/js-yaml/loader.js:167:10)
      at throwError (/blog/anger6-blog/node_modules/hexo-front-matter/node_modules/js-yaml/lib/js-yaml/loader.js:173:9)
      at readBlockMapping (/blog/anger6-blog/node_modules/hexo-front-matter/node_modules/js-yaml/lib/js-yaml/loader.js:1073:9)
      at composeNode (/blog/anger6-blog/node_modules/hexo-front-matter/node_modules/js-yaml/lib/js-yaml/loader.js:1359:12)
      at readDocument (/blog/anger6-blog/node_modules/hexo-front-matter/node_modules/js-yaml/lib/js-yaml/loader.js:1525:3)
      at loadDocuments (/blog/anger6-blog/node_modules/hexo-front-matter/node_modules/js-yaml/lib/js-yaml/loader.js:1588:5)
      at Object.load (/blog/anger6-blog/node_modules/hexo-front-matter/node_modules/js-yaml/lib/js-yaml/loader.js:1614:19)
      at parseYAML (/blog/anger6-blog/node_modules/hexo-front-matter/lib/front_matter.js:69:23)
      at parse (/blog/anger6-blog/node_modules/hexo-front-matter/lib/front_matter.js:50:12)
      at /blog/anger6-blog/node_modules/hexo/lib/plugins/processor/post.js:51:20
      at tryCatcher (/blog/anger6-blog/node_modules/bluebird/js/release/util.js:16:23)
      at Promise._settlePromiseFromHandler (/blog/anger6-blog/node_modules/bluebird/js/release/promise.js:544:35)
      at Promise._settlePromise (/blog/anger6-blog/node_modules/bluebird/js/release/promise.js:604:18)
      at Promise._settlePromise0 (/blog/anger6-blog/node_modules/bluebird/js/release/promise.js:649:10)
      at Promise._settlePromises (/blog/anger6-blog/node_modules/bluebird/js/release/promise.js:729:18)
      at Promise._fulfill (/blog/anger6-blog/node_modules/bluebird/js/release/promise.js:673:18)
      at PromiseArray._resolve (/blog/anger6-blog/node_modules/bluebird/js/release/promise_array.js:127:19)
      at PromiseArray._promiseFulfilled (/blog/anger6-blog/node_modules/bluebird/js/release/promise_array.js:145:14)
      at PromiseArray._iterate (/blog/anger6-blog/node_modules/bluebird/js/release/promise_array.js:115:31)
      at PromiseArray.init [as _init] (/blog/anger6-blog/node_modules/bluebird/js/release/promise_array.js:79:10)
      at Promise._settlePromise (/blog/anger6-blog/node_modules/bluebird/js/release/promise.js:601:21)
      at Promise._settlePromise0 (/blog/anger6-blog/node_modules/bluebird/js/release/promise.js:649:10) {
    reason: 'can not read a block mapping entry; a multiline key may not be an implicit key',
    mark: Mark {
      name: null,
      buffer: 'title: （转）一位程序员工作10年总结的13个忠告\n' +
        'tags: []\n' +
        "id: '2116'\n" +
        'categories:\n' +
        '<<<<<<< HEAD:source/_posts/life/（转）一位程序员工作10年总结的13个忠告.md\n' +
        '  -- 生活随笔\n' +
        '=======\n' +
        '  - 生活随笔\n' +
        '>>>>>>> c8fd87848b39e03ec8826cd2f11c777173bc7476:source/_posts/life/（转）一位程序员工作10年总结的13个忠告.md\n' +
        'date: 2020-05-17 03:11:40\n' +
        '\x00',
      position: 242,
      line: 9,
      column: 4
    }
  }
} Process failed: %s _posts/life/（转）一位程序员工作10年总结的13个忠告.md
ERROR {
  err: YAMLException: can not read a block mapping entry; a multiline key may not be an implicit key at line 10, column 5:
      date: 2022-04-25 21:36:53
          ^
      at generateError (/blog/anger6-blog/node_modules/hexo-front-matter/node_modules/js-yaml/lib/js-yaml/loader.js:167:10)
      at throwError (/blog/anger6-blog/node_modules/hexo-front-matter/node_modules/js-yaml/lib/js-yaml/loader.js:173:9)
      at readBlockMapping (/blog/anger6-blog/node_modules/hexo-front-matter/node_modules/js-yaml/lib/js-yaml/loader.js:1073:9)
      at composeNode (/blog/anger6-blog/node_modules/hexo-front-matter/node_modules/js-yaml/lib/js-yaml/loader.js:1359:12)
      at readDocument (/blog/anger6-blog/node_modules/hexo-front-matter/node_modules/js-yaml/lib/js-yaml/loader.js:1525:3)
      at loadDocuments (/blog/anger6-blog/node_modules/hexo-front-matter/node_modules/js-yaml/lib/js-yaml/loader.js:1588:5)
      at Object.load (/blog/anger6-blog/node_modules/hexo-front-matter/node_modules/js-yaml/lib/js-yaml/loader.js:1614:19)
      at parseYAML (/blog/anger6-blog/node_modules/hexo-front-matter/lib/front_matter.js:69:23)
      at parse (/blog/anger6-blog/node_modules/hexo-front-matter/lib/front_matter.js:50:12)
      at /blog/anger6-blog/node_modules/hexo/lib/plugins/processor/post.js:51:20
      at tryCatcher (/blog/anger6-blog/node_modules/bluebird/js/release/util.js:16:23)
      at Promise._settlePromiseFromHandler (/blog/anger6-blog/node_modules/bluebird/js/release/promise.js:544:35)
      at Promise._settlePromise (/blog/anger6-blog/node_modules/bluebird/js/release/promise.js:604:18)
      at Promise._settlePromise0 (/blog/anger6-blog/node_modules/bluebird/js/release/promise.js:649:10)
      at Promise._settlePromises (/blog/anger6-blog/node_modules/bluebird/js/release/promise.js:729:18)
      at Promise._fulfill (/blog/anger6-blog/node_modules/bluebird/js/release/promise.js:673:18)
      at PromiseArray._resolve (/blog/anger6-blog/node_modules/bluebird/js/release/promise_array.js:127:19)
      at PromiseArray._promiseFulfilled (/blog/anger6-blog/node_modules/bluebird/js/release/promise_array.js:145:14)
      at PromiseArray._iterate (/blog/anger6-blog/node_modules/bluebird/js/release/promise_array.js:115:31)
      at PromiseArray.init [as _init] (/blog/anger6-blog/node_modules/bluebird/js/release/promise_array.js:79:10)
      at Promise._settlePromise (/blog/anger6-blog/node_modules/bluebird/js/release/promise.js:601:21)
      at Promise._settlePromise0 (/blog/anger6-blog/node_modules/bluebird/js/release/promise.js:649:10) {
    reason: 'can not read a block mapping entry; a multiline key may not be an implicit key',
    mark: Mark {
      name: null,
      buffer: 'title: 这就是普通人操劳又遗憾的一生吧【女生版】\n' +
        'tags: [生活]\n' +
        "id: '10001'\n" +
        'categories:\n' +
        '<<<<<<< HEAD\n' +
        '  -- 生活随笔\n' +
        '=======\n' +
        '  - 生活随笔\n' +
        '>>>>>>> c8fd87848b39e03ec8826cd2f11c777173bc7476\n' +
        'date: 2022-04-25 21:36:53\n' +
        '\x00',
      position: 156,
      line: 9,
      column: 4
    }
  }
} Process failed: %s _posts/life/normal_life_of_girl.md
ERROR {
  err: YAMLException: can not read a block mapping entry; a multiline key may not be an implicit key at line 14, column 5:
      date: 2019-06-29 04:36:53
          ^
      at generateError (/blog/anger6-blog/node_modules/hexo-front-matter/node_modules/js-yaml/lib/js-yaml/loader.js:167:10)
      at throwError (/blog/anger6-blog/node_modules/hexo-front-matter/node_modules/js-yaml/lib/js-yaml/loader.js:173:9)
      at readBlockMapping (/blog/anger6-blog/node_modules/hexo-front-matter/node_modules/js-yaml/lib/js-yaml/loader.js:1073:9)
      at composeNode (/blog/anger6-blog/node_modules/hexo-front-matter/node_modules/js-yaml/lib/js-yaml/loader.js:1359:12)
      at readDocument (/blog/anger6-blog/node_modules/hexo-front-matter/node_modules/js-yaml/lib/js-yaml/loader.js:1525:3)
      at loadDocuments (/blog/anger6-blog/node_modules/hexo-front-matter/node_modules/js-yaml/lib/js-yaml/loader.js:1588:5)
      at Object.load (/blog/anger6-blog/node_modules/hexo-front-matter/node_modules/js-yaml/lib/js-yaml/loader.js:1614:19)
      at parseYAML (/blog/anger6-blog/node_modules/hexo-front-matter/lib/front_matter.js:69:23)
      at parse (/blog/anger6-blog/node_modules/hexo-front-matter/lib/front_matter.js:50:12)
      at /blog/anger6-blog/node_modules/hexo/lib/plugins/processor/post.js:51:20
      at tryCatcher (/blog/anger6-blog/node_modules/bluebird/js/release/util.js:16:23)
      at Promise._settlePromiseFromHandler (/blog/anger6-blog/node_modules/bluebird/js/release/promise.js:544:35)
      at Promise._settlePromise (/blog/anger6-blog/node_modules/bluebird/js/release/promise.js:604:18)
      at Promise._settlePromise0 (/blog/anger6-blog/node_modules/bluebird/js/release/promise.js:649:10)
      at Promise._settlePromises (/blog/anger6-blog/node_modules/bluebird/js/release/promise.js:729:18)
      at Promise._fulfill (/blog/anger6-blog/node_modules/bluebird/js/release/promise.js:673:18)
      at PromiseArray._resolve (/blog/anger6-blog/node_modules/bluebird/js/release/promise_array.js:127:19)
      at PromiseArray._promiseFulfilled (/blog/anger6-blog/node_modules/bluebird/js/release/promise_array.js:145:14)
      at PromiseArray._iterate (/blog/anger6-blog/node_modules/bluebird/js/release/promise_array.js:115:31)
      at PromiseArray.init [as _init] (/blog/anger6-blog/node_modules/bluebird/js/release/promise_array.js:79:10)
      at Promise._settlePromise (/blog/anger6-blog/node_modules/bluebird/js/release/promise.js:601:21)
      at Promise._settlePromise0 (/blog/anger6-blog/node_modules/bluebird/js/release/promise.js:649:10) {
    reason: 'can not read a block mapping entry; a multiline key may not be an implicit key',
    mark: Mark {
      name: null,
      buffer: 'title: 1.Two sum\n' +
        'tags: []\n' +
        "id: '753'\n" +
        'categories:\n' +
        '<<<<<<< HEAD:source/_posts/datastruct_algorithm/hash/1-two-sum.md\n' +
        '   - 自我修养\n' +
        '   - 数据结构与算法\n' +
        '   - 哈希表\n' +
        '=======\n' +
        '  - 自我修养\n' +
        '  - 数据结构与算法\n' +
        '  - 哈希表\n' +
        '>>>>>>> c8fd87848b39e03ec8826cd2f11c777173bc7476:source/_posts/datastruct_algorithm/hash/1-two-sum.md\n' +
        'date: 2019-06-29 04:36:53\n' +
        '\x00',
      position: 289,
      line: 13,
      column: 4
    }
  }
} Process failed: %s _posts/datastruct_algorithm/hash/1-two-sum.md
ERROR {
  err: YAMLException: can not read a block mapping entry; a multiline key may not be an implicit key at line 14, column 5:
      date: 2019-06-29 09:47:31
          ^
      at generateError (/blog/anger6-blog/node_modules/hexo-front-matter/node_modules/js-yaml/lib/js-yaml/loader.js:167:10)
      at throwError (/blog/anger6-blog/node_modules/hexo-front-matter/node_modules/js-yaml/lib/js-yaml/loader.js:173:9)
      at readBlockMapping (/blog/anger6-blog/node_modules/hexo-front-matter/node_modules/js-yaml/lib/js-yaml/loader.js:1073:9)
      at composeNode (/blog/anger6-blog/node_modules/hexo-front-matter/node_modules/js-yaml/lib/js-yaml/loader.js:1359:12)
      at readDocument (/blog/anger6-blog/node_modules/hexo-front-matter/node_modules/js-yaml/lib/js-yaml/loader.js:1525:3)
      at loadDocuments (/blog/anger6-blog/node_modules/hexo-front-matter/node_modules/js-yaml/lib/js-yaml/loader.js:1588:5)
      at Object.load (/blog/anger6-blog/node_modules/hexo-front-matter/node_modules/js-yaml/lib/js-yaml/loader.js:1614:19)
      at parseYAML (/blog/anger6-blog/node_modules/hexo-front-matter/lib/front_matter.js:69:23)
      at parse (/blog/anger6-blog/node_modules/hexo-front-matter/lib/front_matter.js:50:12)
      at /blog/anger6-blog/node_modules/hexo/lib/plugins/processor/post.js:51:20
      at tryCatcher (/blog/anger6-blog/node_modules/bluebird/js/release/util.js:16:23)
      at Promise._settlePromiseFromHandler (/blog/anger6-blog/node_modules/bluebird/js/release/promise.js:544:35)
      at Promise._settlePromise (/blog/anger6-blog/node_modules/bluebird/js/release/promise.js:604:18)
      at Promise._settlePromise0 (/blog/anger6-blog/node_modules/bluebird/js/release/promise.js:649:10)
      at Promise._settlePromises (/blog/anger6-blog/node_modules/bluebird/js/release/promise.js:729:18)
      at Promise._fulfill (/blog/anger6-blog/node_modules/bluebird/js/release/promise.js:673:18)
      at PromiseArray._resolve (/blog/anger6-blog/node_modules/bluebird/js/release/promise_array.js:127:19)
      at PromiseArray._promiseFulfilled (/blog/anger6-blog/node_modules/bluebird/js/release/promise_array.js:145:14)
      at PromiseArray._iterate (/blog/anger6-blog/node_modules/bluebird/js/release/promise_array.js:115:31)
      at PromiseArray.init [as _init] (/blog/anger6-blog/node_modules/bluebird/js/release/promise_array.js:79:10)
      at Promise._settlePromise (/blog/anger6-blog/node_modules/bluebird/js/release/promise.js:601:21)
      at Promise._settlePromise0 (/blog/anger6-blog/node_modules/bluebird/js/release/promise.js:649:10) {
    reason: 'can not read a block mapping entry; a multiline key may not be an implicit key',
    mark: Mark {
      name: null,
      buffer: 'title: 2.Add Two Numbers\n' +
        'tags: []\n' +
        "id: '755'\n" +
        'categories:\n' +
        '<<<<<<< HEAD:source/_posts/datastruct_algorithm/lists/2-add-two-numbers.md\n' +
        '   - 自我修养\n' +
        '   - 数据结构与算法\n' +
        '   - 链表\n' +
        '=======\n' +
        '  - 自我修养\n' +
        '  - 数据结构与算法\n' +
        '  - 链表\n' +
        '>>>>>>> c8fd87848b39e03ec8826cd2f11c777173bc7476:source/_posts/datastruct_algorithm/lists/2-add-two-numbers.md\n' +
        'date: 2019-06-29 09:47:31\n' +
        '\x00',
      position: 313,
      line: 13,
      column: 4
    }
  }
} Process failed: %s _posts/datastruct_algorithm/lists/2-add-two-numbers.md
ERROR {
  err: YAMLException: can not read a block mapping entry; a multiline key may not be an implicit key at line 7, column 5:
      date: 2020-05-17 03:11:40
          ^
      at generateError (/blog/anger6-blog/node_modules/hexo-front-matter/node_modules/js-yaml/lib/js-yaml/loader.js:167:10)
      at throwError (/blog/anger6-blog/node_modules/hexo-front-matter/node_modules/js-yaml/lib/js-yaml/loader.js:173:9)
      at readBlockMapping (/blog/anger6-blog/node_modules/hexo-front-matter/node_modules/js-yaml/lib/js-yaml/loader.js:1073:9)
      at composeNode (/blog/anger6-blog/node_modules/hexo-front-matter/node_modules/js-yaml/lib/js-yaml/loader.js:1359:12)
      at readDocument (/blog/anger6-blog/node_modules/hexo-front-matter/node_modules/js-yaml/lib/js-yaml/loader.js:1525:3)
      at loadDocuments (/blog/anger6-blog/node_modules/hexo-front-matter/node_modules/js-yaml/lib/js-yaml/loader.js:1588:5)
      at Object.load (/blog/anger6-blog/node_modules/hexo-front-matter/node_modules/js-yaml/lib/js-yaml/loader.js:1614:19)
      at parseYAML (/blog/anger6-blog/node_modules/hexo-front-matter/lib/front_matter.js:69:23)
      at parse (/blog/anger6-blog/node_modules/hexo-front-matter/lib/front_matter.js:50:12)
      at /blog/anger6-blog/node_modules/hexo/lib/plugins/processor/post.js:51:20
      at tryCatcher (/blog/anger6-blog/node_modules/bluebird/js/release/util.js:16:23)
      at Promise._settlePromiseFromHandler (/blog/anger6-blog/node_modules/bluebird/js/release/promise.js:544:35)
      at Promise._settlePromise (/blog/anger6-blog/node_modules/bluebird/js/release/promise.js:604:18)
      at Promise._settlePromise0 (/blog/anger6-blog/node_modules/bluebird/js/release/promise.js:649:10)
      at Promise._settlePromises (/blog/anger6-blog/node_modules/bluebird/js/release/promise.js:729:18)
      at Promise._fulfill (/blog/anger6-blog/node_modules/bluebird/js/release/promise.js:673:18)
      at PromiseArray._resolve (/blog/anger6-blog/node_modules/bluebird/js/release/promise_array.js:127:19)
      at PromiseArray._promiseFulfilled (/blog/anger6-blog/node_modules/bluebird/js/release/promise_array.js:145:14)
      at PromiseArray._iterate (/blog/anger6-blog/node_modules/bluebird/js/release/promise_array.js:115:31)
      at PromiseArray.init [as _init] (/blog/anger6-blog/node_modules/bluebird/js/release/promise_array.js:79:10)
      at Promise._settlePromise (/blog/anger6-blog/node_modules/bluebird/js/release/promise.js:601:21)
      at Promise._settlePromise0 (/blog/anger6-blog/node_modules/bluebird/js/release/promise.js:649:10) {
    reason: 'can not read a block mapping entry; a multiline key may not be an implicit key',
    mark: Mark {
      name: null,
      buffer: 'title: （转）一位程序员工作10年总结的13个忠告\n' +
        'tags: []\n' +
        "id: '2116'\n" +
        'categories:\n' +
        '<<<<<<< HEAD:source/_posts/life/（转）一位程序员工作10年总结的13个忠告.md\n' +
        '  - 生活随笔\n' +
        'date: 2020-05-17 03:11:40\n' +
        '\x00',
      position: 131,
      line: 6,
      column: 4
    }
  }
} Process failed: %s _posts/life/（转）一位程序员工作10年总结的13个忠告.md
ERROR {
  err: YAMLException: can not read a block mapping entry; a multiline key may not be an implicit key at line 7, column 5:
      date: 2020-05-17 03:11:40
          ^
      at generateError (/blog/anger6-blog/node_modules/hexo-front-matter/node_modules/js-yaml/lib/js-yaml/loader.js:167:10)
      at throwError (/blog/anger6-blog/node_modules/hexo-front-matter/node_modules/js-yaml/lib/js-yaml/loader.js:173:9)
      at readBlockMapping (/blog/anger6-blog/node_modules/hexo-front-matter/node_modules/js-yaml/lib/js-yaml/loader.js:1073:9)
      at composeNode (/blog/anger6-blog/node_modules/hexo-front-matter/node_modules/js-yaml/lib/js-yaml/loader.js:1359:12)
      at readDocument (/blog/anger6-blog/node_modules/hexo-front-matter/node_modules/js-yaml/lib/js-yaml/loader.js:1525:3)
      at loadDocuments (/blog/anger6-blog/node_modules/hexo-front-matter/node_modules/js-yaml/lib/js-yaml/loader.js:1588:5)
      at Object.load (/blog/anger6-blog/node_modules/hexo-front-matter/node_modules/js-yaml/lib/js-yaml/loader.js:1614:19)
      at parseYAML (/blog/anger6-blog/node_modules/hexo-front-matter/lib/front_matter.js:69:23)
      at parse (/blog/anger6-blog/node_modules/hexo-front-matter/lib/front_matter.js:50:12)
      at /blog/anger6-blog/node_modules/hexo/lib/plugins/processor/post.js:51:20
      at tryCatcher (/blog/anger6-blog/node_modules/bluebird/js/release/util.js:16:23)
      at Promise._settlePromiseFromHandler (/blog/anger6-blog/node_modules/bluebird/js/release/promise.js:544:35)
      at Promise._settlePromise (/blog/anger6-blog/node_modules/bluebird/js/release/promise.js:604:18)
      at Promise._settlePromise0 (/blog/anger6-blog/node_modules/bluebird/js/release/promise.js:649:10)
      at Promise._settlePromises (/blog/anger6-blog/node_modules/bluebird/js/release/promise.js:729:18)
      at Promise._fulfill (/blog/anger6-blog/node_modules/bluebird/js/release/promise.js:673:18)
      at PromiseArray._resolve (/blog/anger6-blog/node_modules/bluebird/js/release/promise_array.js:127:19)
      at PromiseArray._promiseFulfilled (/blog/anger6-blog/node_modules/bluebird/js/release/promise_array.js:145:14)
      at PromiseArray._iterate (/blog/anger6-blog/node_modules/bluebird/js/release/promise_array.js:115:31)
      at PromiseArray.init [as _init] (/blog/anger6-blog/node_modules/bluebird/js/release/promise_array.js:79:10)
      at Promise._settlePromise (/blog/anger6-blog/node_modules/bluebird/js/release/promise.js:601:21)
      at Promise._settlePromise0 (/blog/anger6-blog/node_modules/bluebird/js/release/promise.js:649:10) {
    reason: 'can not read a block mapping entry; a multiline key may not be an implicit key',
    mark: Mark {
      name: null,
      buffer: 'title: （转）一位程序员工作10年总结的13个忠告\n' +
        'tags: []\n' +
        "id: '2116'\n" +
        'categories:\n' +
        '<<<<<<< HEAD:source/_posts/life/（转）一位程序员工作10年总结的13个忠告.md\n' +
        '  - 生活随笔\n' +
        'date: 2020-05-17 03:11:40\n' +
        '\x00',
      position: 131,
      line: 6,
      column: 4
    }
  }
} Process failed: %s _posts/life/（转）一位程序员工作10年总结的13个忠告.md
